<?xml version="1.0" encoding="UTF-8"?>
<testsuite name="org.example.service.TodoServiceTest" tests="3" skipped="0" failures="0" errors="0" timestamp="2021-04-26T07:45:45" hostname="BKKIM-PC" time="1.058">
  <properties/>
  <testcase name="searchById()" classname="org.example.service.TodoServiceTest" time="1.004"/>
  <testcase name="searchByIdFailed()" classname="org.example.service.TodoServiceTest" time="0.015"/>
  <testcase name="add()" classname="org.example.service.TodoServiceTest" time="0.017"/>
  <system-out><![CDATA[]]></system-out>
  <system-err><![CDATA[]]></system-err>
</testsuite>
